[2025-11-23T18:19:24.916+0000] {local_task_job_runner.py:123} INFO - ::group::Pre task execution logs
[2025-11-23T18:19:24.933+0000] {taskinstance.py:2613} INFO - Dependencies all met for dep_context=non-requeueable deps ti=<TaskInstance: etl_adventureworks_completo.carga_fato_vendas manual__2025-11-23T05:17:58.739106+00:00 [queued]>
[2025-11-23T18:19:24.941+0000] {taskinstance.py:2613} INFO - Dependencies all met for dep_context=requeueable deps ti=<TaskInstance: etl_adventureworks_completo.carga_fato_vendas manual__2025-11-23T05:17:58.739106+00:00 [queued]>
[2025-11-23T18:19:24.942+0000] {taskinstance.py:2866} INFO - Starting attempt 14 of 15
[2025-11-23T18:19:24.954+0000] {taskinstance.py:2889} INFO - Executing <Task(PythonOperator): carga_fato_vendas> on 2025-11-23 05:17:58.739106+00:00
[2025-11-23T18:19:24.966+0000] {logging_mixin.py:190} WARNING - /home/***/.local/lib/python3.12/site-packages/***/task/task_runner/standard_task_runner.py:70 DeprecationWarning: This process (pid=198) is multi-threaded, use of fork() may lead to deadlocks in the child.
[2025-11-23T18:19:24.968+0000] {standard_task_runner.py:72} INFO - Started process 200 to run task
[2025-11-23T18:19:24.966+0000] {standard_task_runner.py:104} INFO - Running: ['***', 'tasks', 'run', 'etl_adventureworks_completo', 'carga_fato_vendas', 'manual__2025-11-23T05:17:58.739106+00:00', '--job-id', '155', '--raw', '--subdir', 'DAGS_FOLDER/etl_adventureworks.py', '--cfg-path', '/tmp/tmpozj0x3h8']
[2025-11-23T18:19:24.969+0000] {standard_task_runner.py:105} INFO - Job 155: Subtask carga_fato_vendas
[2025-11-23T18:19:25.019+0000] {task_command.py:467} INFO - Running <TaskInstance: etl_adventureworks_completo.carga_fato_vendas manual__2025-11-23T05:17:58.739106+00:00 [running]> on host 64d315d8ec51
[2025-11-23T18:19:25.092+0000] {taskinstance.py:3132} INFO - Exporting env vars: AIRFLOW_CTX_DAG_OWNER='seu_nome' AIRFLOW_CTX_DAG_ID='etl_adventureworks_completo' AIRFLOW_CTX_TASK_ID='carga_fato_vendas' AIRFLOW_CTX_EXECUTION_DATE='2025-11-23T05:17:58.739106+00:00' AIRFLOW_CTX_TRY_NUMBER='14' AIRFLOW_CTX_DAG_RUN_ID='manual__2025-11-23T05:17:58.739106+00:00'
[2025-11-23T18:19:25.093+0000] {taskinstance.py:731} INFO - ::endgroup::
[2025-11-23T18:19:25.106+0000] {logging_mixin.py:190} INFO - Iniciando ETL Fato_Vendas...
[2025-11-23T18:19:31.044+0000] {logging_mixin.py:190} INFO - Fato_Vendas carregada: 121317 linhas.
[2025-11-23T18:19:31.057+0000] {python.py:240} INFO - Done. Returned value was: None
[2025-11-23T18:19:31.068+0000] {taskinstance.py:340} INFO - ::group::Post task execution logs
[2025-11-23T18:19:31.069+0000] {taskinstance.py:352} INFO - Marking task as SUCCESS. dag_id=etl_adventureworks_completo, task_id=carga_fato_vendas, run_id=manual__2025-11-23T05:17:58.739106+00:00, execution_date=20251123T051758, start_date=20251123T181924, end_date=20251123T181931
[2025-11-23T18:19:31.125+0000] {local_task_job_runner.py:266} INFO - Task exited with return code 0
[2025-11-23T18:19:31.140+0000] {taskinstance.py:3895} INFO - 0 downstream tasks scheduled from follow-on schedule check
[2025-11-23T18:19:31.143+0000] {local_task_job_runner.py:245} INFO - ::endgroup::
