[2025-11-23T16:13:28.842+0000] {local_task_job_runner.py:123} INFO - ::group::Pre task execution logs
[2025-11-23T16:13:28.860+0000] {taskinstance.py:2613} INFO - Dependencies all met for dep_context=non-requeueable deps ti=<TaskInstance: etl_adventureworks_completo.carga_fato_vendas manual__2025-11-23T05:17:58.739106+00:00 [queued]>
[2025-11-23T16:13:28.869+0000] {taskinstance.py:2613} INFO - Dependencies all met for dep_context=requeueable deps ti=<TaskInstance: etl_adventureworks_completo.carga_fato_vendas manual__2025-11-23T05:17:58.739106+00:00 [queued]>
[2025-11-23T16:13:28.870+0000] {taskinstance.py:2866} INFO - Starting attempt 13 of 14
[2025-11-23T16:13:28.886+0000] {taskinstance.py:2889} INFO - Executing <Task(PythonOperator): carga_fato_vendas> on 2025-11-23 05:17:58.739106+00:00
[2025-11-23T16:13:28.897+0000] {logging_mixin.py:190} WARNING - /home/***/.local/lib/python3.12/site-packages/***/task/task_runner/standard_task_runner.py:70 DeprecationWarning: This process (pid=214) is multi-threaded, use of fork() may lead to deadlocks in the child.
[2025-11-23T16:13:28.899+0000] {standard_task_runner.py:72} INFO - Started process 216 to run task
[2025-11-23T16:13:28.897+0000] {standard_task_runner.py:104} INFO - Running: ['***', 'tasks', 'run', 'etl_adventureworks_completo', 'carga_fato_vendas', 'manual__2025-11-23T05:17:58.739106+00:00', '--job-id', '152', '--raw', '--subdir', 'DAGS_FOLDER/etl_adventureworks.py', '--cfg-path', '/tmp/tmpd8e90iex']
[2025-11-23T16:13:28.900+0000] {standard_task_runner.py:105} INFO - Job 152: Subtask carga_fato_vendas
[2025-11-23T16:13:28.950+0000] {task_command.py:467} INFO - Running <TaskInstance: etl_adventureworks_completo.carga_fato_vendas manual__2025-11-23T05:17:58.739106+00:00 [running]> on host 64d315d8ec51
[2025-11-23T16:13:29.036+0000] {taskinstance.py:3132} INFO - Exporting env vars: AIRFLOW_CTX_DAG_OWNER='seu_nome' AIRFLOW_CTX_DAG_ID='etl_adventureworks_completo' AIRFLOW_CTX_TASK_ID='carga_fato_vendas' AIRFLOW_CTX_EXECUTION_DATE='2025-11-23T05:17:58.739106+00:00' AIRFLOW_CTX_TRY_NUMBER='13' AIRFLOW_CTX_DAG_RUN_ID='manual__2025-11-23T05:17:58.739106+00:00'
[2025-11-23T16:13:29.038+0000] {taskinstance.py:731} INFO - ::endgroup::
[2025-11-23T16:13:29.050+0000] {logging_mixin.py:190} INFO - Iniciando ETL Fato_Vendas...
[2025-11-23T16:13:34.492+0000] {logging_mixin.py:190} INFO - Fato_Vendas carregada: 121317 linhas.
[2025-11-23T16:13:34.505+0000] {python.py:240} INFO - Done. Returned value was: None
[2025-11-23T16:13:34.515+0000] {taskinstance.py:340} INFO - ::group::Post task execution logs
[2025-11-23T16:13:34.516+0000] {taskinstance.py:352} INFO - Marking task as SUCCESS. dag_id=etl_adventureworks_completo, task_id=carga_fato_vendas, run_id=manual__2025-11-23T05:17:58.739106+00:00, execution_date=20251123T051758, start_date=20251123T161328, end_date=20251123T161334
[2025-11-23T16:13:34.572+0000] {local_task_job_runner.py:266} INFO - Task exited with return code 0
[2025-11-23T16:13:34.586+0000] {taskinstance.py:3895} INFO - 0 downstream tasks scheduled from follow-on schedule check
[2025-11-23T16:13:34.588+0000] {local_task_job_runner.py:245} INFO - ::endgroup::
