[2025-11-23T14:53:17.032+0000] {local_task_job_runner.py:123} INFO - ::group::Pre task execution logs
[2025-11-23T14:53:17.053+0000] {taskinstance.py:2613} INFO - Dependencies all met for dep_context=non-requeueable deps ti=<TaskInstance: etl_adventureworks_completo.carga_dim_produto manual__2025-11-23T05:17:58.739106+00:00 [queued]>
[2025-11-23T14:53:17.061+0000] {taskinstance.py:2613} INFO - Dependencies all met for dep_context=requeueable deps ti=<TaskInstance: etl_adventureworks_completo.carga_dim_produto manual__2025-11-23T05:17:58.739106+00:00 [queued]>
[2025-11-23T14:53:17.062+0000] {taskinstance.py:2866} INFO - Starting attempt 7 of 8
[2025-11-23T14:53:17.075+0000] {taskinstance.py:2889} INFO - Executing <Task(PythonOperator): carga_dim_produto> on 2025-11-23 05:17:58.739106+00:00
[2025-11-23T14:53:17.096+0000] {logging_mixin.py:190} WARNING - /home/***/.local/lib/python3.12/site-packages/***/task/task_runner/standard_task_runner.py:70 DeprecationWarning: This process (pid=195) is multi-threaded, use of fork() may lead to deadlocks in the child.
[2025-11-23T14:53:17.093+0000] {standard_task_runner.py:104} INFO - Running: ['***', 'tasks', 'run', 'etl_adventureworks_completo', 'carga_dim_produto', 'manual__2025-11-23T05:17:58.739106+00:00', '--job-id', '82', '--raw', '--subdir', 'DAGS_FOLDER/etl_adventureworks.py', '--cfg-path', '/tmp/tmpobv97g4z']
[2025-11-23T14:53:17.099+0000] {standard_task_runner.py:105} INFO - Job 82: Subtask carga_dim_produto
[2025-11-23T14:53:17.099+0000] {standard_task_runner.py:72} INFO - Started process 207 to run task
[2025-11-23T14:53:17.177+0000] {task_command.py:467} INFO - Running <TaskInstance: etl_adventureworks_completo.carga_dim_produto manual__2025-11-23T05:17:58.739106+00:00 [running]> on host 64d315d8ec51
[2025-11-23T14:53:17.326+0000] {taskinstance.py:3132} INFO - Exporting env vars: AIRFLOW_CTX_DAG_OWNER='seu_nome' AIRFLOW_CTX_DAG_ID='etl_adventureworks_completo' AIRFLOW_CTX_TASK_ID='carga_dim_produto' AIRFLOW_CTX_EXECUTION_DATE='2025-11-23T05:17:58.739106+00:00' AIRFLOW_CTX_TRY_NUMBER='7' AIRFLOW_CTX_DAG_RUN_ID='manual__2025-11-23T05:17:58.739106+00:00'
[2025-11-23T14:53:17.331+0000] {taskinstance.py:731} INFO - ::endgroup::
[2025-11-23T14:53:17.352+0000] {logging_mixin.py:190} INFO - Iniciando ETL Dim_Produto...
[2025-11-23T14:53:17.493+0000] {logging_mixin.py:190} INFO - Dim_Produto carregada: 504 linhas.
[2025-11-23T14:53:17.494+0000] {python.py:240} INFO - Done. Returned value was: None
[2025-11-23T14:53:17.512+0000] {taskinstance.py:340} INFO - ::group::Post task execution logs
[2025-11-23T14:53:17.513+0000] {taskinstance.py:352} INFO - Marking task as SUCCESS. dag_id=etl_adventureworks_completo, task_id=carga_dim_produto, run_id=manual__2025-11-23T05:17:58.739106+00:00, execution_date=20251123T051758, start_date=20251123T145317, end_date=20251123T145317
[2025-11-23T14:53:17.597+0000] {local_task_job_runner.py:266} INFO - Task exited with return code 0
[2025-11-23T14:53:17.630+0000] {taskinstance.py:3895} INFO - 0 downstream tasks scheduled from follow-on schedule check
[2025-11-23T14:53:17.633+0000] {local_task_job_runner.py:245} INFO - ::endgroup::
