[2025-11-23T15:44:59.735+0000] {local_task_job_runner.py:123} INFO - ::group::Pre task execution logs
[2025-11-23T15:44:59.751+0000] {taskinstance.py:2613} INFO - Dependencies all met for dep_context=non-requeueable deps ti=<TaskInstance: etl_adventureworks_completo.carga_dim_tempo manual__2025-11-23T05:17:58.739106+00:00 [queued]>
[2025-11-23T15:44:59.759+0000] {taskinstance.py:2613} INFO - Dependencies all met for dep_context=requeueable deps ti=<TaskInstance: etl_adventureworks_completo.carga_dim_tempo manual__2025-11-23T05:17:58.739106+00:00 [queued]>
[2025-11-23T15:44:59.760+0000] {taskinstance.py:2866} INFO - Starting attempt 13 of 14
[2025-11-23T15:44:59.772+0000] {taskinstance.py:2889} INFO - Executing <Task(PythonOperator): carga_dim_tempo> on 2025-11-23 05:17:58.739106+00:00
[2025-11-23T15:44:59.786+0000] {logging_mixin.py:190} WARNING - /home/***/.local/lib/python3.12/site-packages/***/task/task_runner/standard_task_runner.py:70 DeprecationWarning: This process (pid=266) is multi-threaded, use of fork() may lead to deadlocks in the child.
[2025-11-23T15:44:59.789+0000] {standard_task_runner.py:72} INFO - Started process 268 to run task
[2025-11-23T15:44:59.786+0000] {standard_task_runner.py:104} INFO - Running: ['***', 'tasks', 'run', 'etl_adventureworks_completo', 'carga_dim_tempo', 'manual__2025-11-23T05:17:58.739106+00:00', '--job-id', '100', '--raw', '--subdir', 'DAGS_FOLDER/etl_adventureworks.py', '--cfg-path', '/tmp/tmpx41c479u']
[2025-11-23T15:44:59.790+0000] {standard_task_runner.py:105} INFO - Job 100: Subtask carga_dim_tempo
[2025-11-23T15:44:59.850+0000] {task_command.py:467} INFO - Running <TaskInstance: etl_adventureworks_completo.carga_dim_tempo manual__2025-11-23T05:17:58.739106+00:00 [running]> on host 64d315d8ec51
[2025-11-23T15:44:59.934+0000] {taskinstance.py:3132} INFO - Exporting env vars: AIRFLOW_CTX_DAG_OWNER='seu_nome' AIRFLOW_CTX_DAG_ID='etl_adventureworks_completo' AIRFLOW_CTX_TASK_ID='carga_dim_tempo' AIRFLOW_CTX_EXECUTION_DATE='2025-11-23T05:17:58.739106+00:00' AIRFLOW_CTX_TRY_NUMBER='13' AIRFLOW_CTX_DAG_RUN_ID='manual__2025-11-23T05:17:58.739106+00:00'
[2025-11-23T15:44:59.936+0000] {taskinstance.py:731} INFO - ::endgroup::
[2025-11-23T15:44:59.952+0000] {logging_mixin.py:190} INFO - Iniciando ETL Dim_Tempo...
[2025-11-23T15:45:00.259+0000] {logging_mixin.py:190} INFO - Dim_Tempo carregada: 5806 linhas.
[2025-11-23T15:45:00.260+0000] {python.py:240} INFO - Done. Returned value was: None
[2025-11-23T15:45:00.270+0000] {taskinstance.py:340} INFO - ::group::Post task execution logs
[2025-11-23T15:45:00.271+0000] {taskinstance.py:352} INFO - Marking task as SUCCESS. dag_id=etl_adventureworks_completo, task_id=carga_dim_tempo, run_id=manual__2025-11-23T05:17:58.739106+00:00, execution_date=20251123T051758, start_date=20251123T154459, end_date=20251123T154500
[2025-11-23T15:45:00.327+0000] {local_task_job_runner.py:266} INFO - Task exited with return code 0
[2025-11-23T15:45:00.350+0000] {taskinstance.py:3895} INFO - 1 downstream tasks scheduled from follow-on schedule check
[2025-11-23T15:45:00.353+0000] {local_task_job_runner.py:245} INFO - ::endgroup::
