[2025-11-23T15:35:30.742+0000] {local_task_job_runner.py:123} INFO - ::group::Pre task execution logs
[2025-11-23T15:35:30.760+0000] {taskinstance.py:2613} INFO - Dependencies all met for dep_context=non-requeueable deps ti=<TaskInstance: etl_adventureworks_completo.carga_dim_territorio manual__2025-11-23T05:17:58.739106+00:00 [queued]>
[2025-11-23T15:35:30.770+0000] {taskinstance.py:2613} INFO - Dependencies all met for dep_context=requeueable deps ti=<TaskInstance: etl_adventureworks_completo.carga_dim_territorio manual__2025-11-23T05:17:58.739106+00:00 [queued]>
[2025-11-23T15:35:30.771+0000] {taskinstance.py:2866} INFO - Starting attempt 9 of 10
[2025-11-23T15:35:30.785+0000] {taskinstance.py:2889} INFO - Executing <Task(PythonOperator): carga_dim_territorio> on 2025-11-23 05:17:58.739106+00:00
[2025-11-23T15:35:30.802+0000] {standard_task_runner.py:104} INFO - Running: ['***', 'tasks', 'run', 'etl_adventureworks_completo', 'carga_dim_territorio', 'manual__2025-11-23T05:17:58.739106+00:00', '--job-id', '92', '--raw', '--subdir', 'DAGS_FOLDER/etl_adventureworks.py', '--cfg-path', '/tmp/tmp9hdnf1vy']
[2025-11-23T15:35:30.808+0000] {standard_task_runner.py:105} INFO - Job 92: Subtask carga_dim_territorio
[2025-11-23T15:35:30.807+0000] {logging_mixin.py:190} WARNING - /home/***/.local/lib/python3.12/site-packages/***/task/task_runner/standard_task_runner.py:70 DeprecationWarning: This process (pid=195) is multi-threaded, use of fork() may lead to deadlocks in the child.
[2025-11-23T15:35:30.809+0000] {standard_task_runner.py:72} INFO - Started process 204 to run task
[2025-11-23T15:35:30.891+0000] {task_command.py:467} INFO - Running <TaskInstance: etl_adventureworks_completo.carga_dim_territorio manual__2025-11-23T05:17:58.739106+00:00 [running]> on host 64d315d8ec51
[2025-11-23T15:35:31.017+0000] {taskinstance.py:3132} INFO - Exporting env vars: AIRFLOW_CTX_DAG_OWNER='seu_nome' AIRFLOW_CTX_DAG_ID='etl_adventureworks_completo' AIRFLOW_CTX_TASK_ID='carga_dim_territorio' AIRFLOW_CTX_EXECUTION_DATE='2025-11-23T05:17:58.739106+00:00' AIRFLOW_CTX_TRY_NUMBER='9' AIRFLOW_CTX_DAG_RUN_ID='manual__2025-11-23T05:17:58.739106+00:00'
[2025-11-23T15:35:31.022+0000] {taskinstance.py:731} INFO - ::endgroup::
[2025-11-23T15:35:31.055+0000] {logging_mixin.py:190} INFO - Iniciando ETL Dim_Territorio...
[2025-11-23T15:35:31.193+0000] {logging_mixin.py:190} INFO - Dim_Territorio carregada: 10 linhas.
[2025-11-23T15:35:31.194+0000] {python.py:240} INFO - Done. Returned value was: None
[2025-11-23T15:35:31.206+0000] {taskinstance.py:340} INFO - ::group::Post task execution logs
[2025-11-23T15:35:31.206+0000] {taskinstance.py:352} INFO - Marking task as SUCCESS. dag_id=etl_adventureworks_completo, task_id=carga_dim_territorio, run_id=manual__2025-11-23T05:17:58.739106+00:00, execution_date=20251123T051758, start_date=20251123T153530, end_date=20251123T153531
[2025-11-23T15:35:31.266+0000] {local_task_job_runner.py:266} INFO - Task exited with return code 0
[2025-11-23T15:35:31.292+0000] {taskinstance.py:3895} INFO - 0 downstream tasks scheduled from follow-on schedule check
[2025-11-23T15:35:31.296+0000] {local_task_job_runner.py:245} INFO - ::endgroup::
